2012/05/18 18:31:17 [error] [php] include(Post.php) [<a href='function.include'>function.include</a>]: failed to open stream: No such file or directory (/usr/local/zend/apache2/htdocs/yii-1.1.10.r3566/framework/YiiBase.php:418)
Stack trace:
#0 /usr/local/zend/apache2/htdocs/yii-1.1.10.r3566/framework/db/ar/CActiveRecord.php(378): spl_autoload_call()
#1 /usr/local/zend/apache2/htdocs/yii-1.1.10.r3566/framework/web/CActiveDataProvider.php(75): model()
#2 /usr/local/zend/apache2/htdocs/hrsys/protected/views/site/index.php(9): CActiveDataProvider->__construct()
#3 /usr/local/zend/apache2/htdocs/yii-1.1.10.r3566/framework/web/CBaseController.php(127): require()
#4 /usr/local/zend/apache2/htdocs/yii-1.1.10.r3566/framework/web/CBaseController.php(96): SiteController->renderInternal()
#5 /usr/local/zend/apache2/htdocs/yii-1.1.10.r3566/framework/web/CController.php(870): SiteController->renderFile()
#6 /usr/local/zend/apache2/htdocs/yii-1.1.10.r3566/framework/web/CController.php(783): SiteController->renderPartial()
#7 /usr/local/zend/apache2/htdocs/hrsys/protected/controllers/SiteController.php(32): SiteController->render()
#8 /usr/local/zend/apache2/htdocs/yii-1.1.10.r3566/framework/web/actions/CInlineAction.php(50): SiteController->actionIndex()
#9 /usr/local/zend/apache2/htdocs/yii-1.1.10.r3566/framework/web/CController.php(309): CInlineAction->runWithParams()
#10 /usr/local/zend/apache2/htdocs/yii-1.1.10.r3566/framework/web/CController.php(287): SiteController->runAction()
#11 /usr/local/zend/apache2/htdocs/yii-1.1.10.r3566/framework/web/CController.php(266): SiteController->runActionWithFilters()
#12 /usr/local/zend/apache2/htdocs/yii-1.1.10.r3566/framework/web/CWebApplication.php(276): SiteController->run()
#13 /usr/local/zend/apache2/htdocs/yii-1.1.10.r3566/framework/web/CWebApplication.php(135): CWebApplication->runController()
#14 /usr/local/zend/apache2/htdocs/yii-1.1.10.r3566/framework/base/CApplication.php(162): CWebApplication->processRequest()
#15 /usr/local/zend/apache2/htdocs/hrsys/index.php(13): CWebApplication->run()
REQUEST_URI=/
in /usr/local/zend/apache2/htdocs/hrsys/protected/views/site/index.php (9)
in /usr/local/zend/apache2/htdocs/hrsys/protected/controllers/SiteController.php (32)
in /usr/local/zend/apache2/htdocs/hrsys/index.php (13)
2012/05/18 18:33:08 [error] [system.db.CDbCommand] CDbCommand::fetchAll() failed: SQLSTATE[42S02]: Base table or view not found: 1146 Table 'opstools.account' doesn't exist. The SQL statement executed was: SHOW COLUMNS FROM `account`.
in /usr/local/zend/apache2/htdocs/hrsys/index.php (13)
2012/05/18 21:31:59 [error] [php] Undefined variable: item (/usr/local/zend/apache2/htdocs/hrsys/protected/views/site/_post.php:2)
Stack trace:
#0 /usr/local/zend/apache2/htdocs/yii-1.1.10.r3566/framework/web/CController.php(870): SiteController->renderFile()
#1 /usr/local/zend/apache2/htdocs/yii-1.1.10.r3566/framework/zii/widgets/CListView.php(242): SiteController->renderPartial()
#2 /usr/local/zend/apache2/htdocs/yii-1.1.10.r3566/framework/zii/widgets/CBaseListView.php(158): CListView->renderItems()
#3 unknown(0): CListView->renderSection()
#4 /usr/local/zend/apache2/htdocs/yii-1.1.10.r3566/framework/zii/widgets/CBaseListView.php(141): preg_replace_callback()
#5 /usr/local/zend/apache2/htdocs/yii-1.1.10.r3566/framework/zii/widgets/CBaseListView.php(126): CListView->renderContent()
#6 /usr/local/zend/apache2/htdocs/yii-1.1.10.r3566/framework/web/CBaseController.php(174): CListView->run()
#7 /usr/local/zend/apache2/htdocs/hrsys/protected/views/site/index.php(18): SiteController->widget()
#8 /usr/local/zend/apache2/htdocs/yii-1.1.10.r3566/framework/web/CBaseController.php(127): require()
#9 /usr/local/zend/apache2/htdocs/yii-1.1.10.r3566/framework/web/CBaseController.php(96): SiteController->renderInternal()
#10 /usr/local/zend/apache2/htdocs/yii-1.1.10.r3566/framework/web/CController.php(870): SiteController->renderFile()
#11 /usr/local/zend/apache2/htdocs/yii-1.1.10.r3566/framework/web/CController.php(783): SiteController->renderPartial()
#12 /usr/local/zend/apache2/htdocs/hrsys/protected/controllers/SiteController.php(32): SiteController->render()
#13 /usr/local/zend/apache2/htdocs/yii-1.1.10.r3566/framework/web/actions/CInlineAction.php(50): SiteController->actionIndex()
#14 /usr/local/zend/apache2/htdocs/yii-1.1.10.r3566/framework/web/CController.php(309): CInlineAction->runWithParams()
#15 /usr/local/zend/apache2/htdocs/yii-1.1.10.r3566/framework/web/CController.php(287): SiteController->runAction()
#16 /usr/local/zend/apache2/htdocs/yii-1.1.10.r3566/framework/web/CController.php(266): SiteController->runActionWithFilters()
#17 /usr/local/zend/apache2/htdocs/yii-1.1.10.r3566/framework/web/CWebApplication.php(276): SiteController->run()
#18 /usr/local/zend/apache2/htdocs/yii-1.1.10.r3566/framework/web/CWebApplication.php(135): CWebApplication->runController()
#19 /usr/local/zend/apache2/htdocs/yii-1.1.10.r3566/framework/base/CApplication.php(162): CWebApplication->processRequest()
#20 /usr/local/zend/apache2/htdocs/hrsys/index.php(13): CWebApplication->run()
REQUEST_URI=/index.php
in /usr/local/zend/apache2/htdocs/hrsys/protected/views/site/_post.php (2)
in /usr/local/zend/apache2/htdocs/hrsys/protected/views/site/index.php (18)
in /usr/local/zend/apache2/htdocs/hrsys/protected/controllers/SiteController.php (32)
2012/05/19 07:51:08 [error] [exception.CException] exception 'CException' with message 'Property "Account.id" is not defined.' in /usr/local/zend/apache2/htdocs/hrsys/framework/base/CComponent.php:131
Stack trace:
#0 /usr/local/zend/apache2/htdocs/hrsys/framework/db/ar/CActiveRecord.php(144): CComponent->__get('id')
#1 /usr/local/zend/apache2/htdocs/hrsys/protected/views/site/_post.php(2): CActiveRecord->__get('id')
#2 /usr/local/zend/apache2/htdocs/hrsys/framework/web/CBaseController.php(127): require('/usr/local/zend...')
#3 /usr/local/zend/apache2/htdocs/hrsys/framework/web/CBaseController.php(96): CBaseController->renderInternal('/usr/local/zend...', Array, true)
#4 /usr/local/zend/apache2/htdocs/hrsys/framework/web/CController.php(870): CBaseController->renderFile('/usr/local/zend...', Array, true)
#5 /usr/local/zend/apache2/htdocs/hrsys/framework/zii/widgets/CListView.php(242): CController->renderPartial('_post', Array)
#6 /usr/local/zend/apache2/htdocs/hrsys/framework/zii/widgets/CBaseListView.php(158): CListView->renderItems()
#7 [internal function]: CBaseListView->renderSection(Array)
#8 /usr/local/zend/apache2/htdocs/hrsys/framework/zii/widgets/CBaseListView.php(141): preg_replace_callback('/{(\w+)}/', Array, '{summary}?{sort...')
#9 /usr/local/zend/apache2/htdocs/hrsys/framework/zii/widgets/CBaseListView.php(126): CBaseListView->renderContent()
#10 /usr/local/zend/apache2/htdocs/hrsys/framework/web/CBaseController.php(174): CBaseListView->run()
#11 /usr/local/zend/apache2/htdocs/hrsys/protected/views/site/index.php(18): CBaseController->widget('zii.widgets.CLi...', Array)
#12 /usr/local/zend/apache2/htdocs/hrsys/framework/web/CBaseController.php(127): require('/usr/local/zend...')
#13 /usr/local/zend/apache2/htdocs/hrsys/framework/web/CBaseController.php(96): CBaseController->renderInternal('/usr/local/zend...', NULL, true)
#14 /usr/local/zend/apache2/htdocs/hrsys/framework/web/CController.php(870): CBaseController->renderFile('/usr/local/zend...', NULL, true)
#15 /usr/local/zend/apache2/htdocs/hrsys/framework/web/CController.php(783): CController->renderPartial('index', NULL, true)
#16 /usr/local/zend/apache2/htdocs/hrsys/protected/controllers/SiteController.php(32): CController->render('index')
#17 /usr/local/zend/apache2/htdocs/hrsys/framework/web/actions/CInlineAction.php(50): SiteController->actionIndex()
#18 /usr/local/zend/apache2/htdocs/hrsys/framework/web/CController.php(309): CInlineAction->runWithParams(Array)
#19 /usr/local/zend/apache2/htdocs/hrsys/framework/web/CController.php(287): CController->runAction(Object(CInlineAction))
#20 /usr/local/zend/apache2/htdocs/hrsys/framework/web/CController.php(266): CController->runActionWithFilters(Object(CInlineAction), Array)
#21 /usr/local/zend/apache2/htdocs/hrsys/framework/web/CWebApplication.php(276): CController->run('')
#22 /usr/local/zend/apache2/htdocs/hrsys/framework/web/CWebApplication.php(135): CWebApplication->runController('')
#23 /usr/local/zend/apache2/htdocs/hrsys/framework/base/CApplication.php(162): CWebApplication->processRequest()
#24 /usr/local/zend/apache2/htdocs/hrsys/index.php(13): CApplication->run()
#25 {main}
REQUEST_URI=/index.php
---
2012/05/19 08:46:40 [error] [system.db.CDbCommand] CDbCommand::fetch() failed: SQLSTATE[42S22]: Column not found: 1054 Unknown column 'username' in 'where clause'. The SQL statement executed was: SELECT * FROM `user` `t` WHERE username = :username LIMIT 1.
in /usr/local/zend/apache2/htdocs/hrsys/protected/components/UserIdentity.php (21)
in /usr/local/zend/apache2/htdocs/hrsys/protected/models/LoginForm.php (52)
in /usr/local/zend/apache2/htdocs/hrsys/protected/controllers/SiteController.php (45)
2012/05/19 08:46:40 [error] [exception.CDbException] exception 'CDbException' with message 'CDbCommand failed to execute the SQL statement: SQLSTATE[42S22]: Column not found: 1054 Unknown column 'username' in 'where clause'. The SQL statement executed was: SELECT * FROM `user` `t` WHERE username = :username LIMIT 1' in /usr/local/zend/apache2/htdocs/hrsys/framework/db/CDbCommand.php:528
Stack trace:
#0 /usr/local/zend/apache2/htdocs/hrsys/framework/db/CDbCommand.php(408): CDbCommand->queryInternal('fetch', Array, Array)
#1 /usr/local/zend/apache2/htdocs/hrsys/framework/db/ar/CActiveRecord.php(1287): CDbCommand->queryRow()
#2 /usr/local/zend/apache2/htdocs/hrsys/framework/db/ar/CActiveRecord.php(1392): CActiveRecord->query(Object(CDbCriteria))
#3 /usr/local/zend/apache2/htdocs/hrsys/protected/components/UserIdentity.php(21): CActiveRecord->find('username = :use...', Array)
#4 /usr/local/zend/apache2/htdocs/hrsys/protected/models/LoginForm.php(52): UserIdentity->authenticate()
#5 /usr/local/zend/apache2/htdocs/hrsys/framework/validators/CInlineValidator.php(43): LoginForm->authenticate('password', Array)
#6 /usr/local/zend/apache2/htdocs/hrsys/framework/validators/CValidator.php(197): CInlineValidator->validateAttribute(Object(LoginForm), 'password')
#7 /usr/local/zend/apache2/htdocs/hrsys/framework/base/CModel.php(158): CValidator->validate(Object(LoginForm), NULL)
#8 /usr/local/zend/apache2/htdocs/hrsys/protected/controllers/SiteController.php(45): CModel->validate()
#9 /usr/local/zend/apache2/htdocs/hrsys/framework/web/actions/CInlineAction.php(50): SiteController->actionIndex()
#10 /usr/local/zend/apache2/htdocs/hrsys/framework/web/CController.php(309): CInlineAction->runWithParams(Array)
#11 /usr/local/zend/apache2/htdocs/hrsys/framework/web/CController.php(287): CController->runAction(Object(CInlineAction))
#12 /usr/local/zend/apache2/htdocs/hrsys/framework/web/CController.php(266): CController->runActionWithFilters(Object(CInlineAction), Array)
#13 /usr/local/zend/apache2/htdocs/hrsys/framework/web/CWebApplication.php(276): CController->run('')
#14 /usr/local/zend/apache2/htdocs/hrsys/framework/web/CWebApplication.php(135): CWebApplication->runController('')
#15 /usr/local/zend/apache2/htdocs/hrsys/framework/base/CApplication.php(162): CWebApplication->processRequest()
#16 /usr/local/zend/apache2/htdocs/hrsys/index.php(13): CApplication->run()
#17 {main}
REQUEST_URI=/index.php/
HTTP_REFERER=http://dev.hrsys.com:10088/index.php/
---
2012/05/20 09:00:06 [error] [php] Undefined variable: model (/usr/local/zend/apache2/htdocs/hrsys/protected/views/home/hiring.php:10)
Stack trace:
#0 /usr/local/zend/apache2/htdocs/hrsys/framework/web/CController.php(870): HomeController->renderFile()
#1 /usr/local/zend/apache2/htdocs/hrsys/framework/web/CController.php(783): HomeController->renderPartial()
#2 /usr/local/zend/apache2/htdocs/hrsys/protected/controllers/HomeController.php(12): HomeController->render()
#3 /usr/local/zend/apache2/htdocs/hrsys/framework/web/actions/CInlineAction.php(50): HomeController->actionHiring()
#4 /usr/local/zend/apache2/htdocs/hrsys/framework/web/CController.php(309): CInlineAction->runWithParams()
#5 /usr/local/zend/apache2/htdocs/hrsys/framework/web/CController.php(287): HomeController->runAction()
#6 /usr/local/zend/apache2/htdocs/hrsys/framework/web/CController.php(266): HomeController->runActionWithFilters()
#7 /usr/local/zend/apache2/htdocs/hrsys/framework/web/CWebApplication.php(276): HomeController->run()
#8 /usr/local/zend/apache2/htdocs/hrsys/framework/web/CWebApplication.php(135): CWebApplication->runController()
#9 /usr/local/zend/apache2/htdocs/hrsys/framework/base/CApplication.php(162): CWebApplication->processRequest()
#10 /usr/local/zend/apache2/htdocs/hrsys/index.php(13): CWebApplication->run()
REQUEST_URI=/index.php/home/hiring
in /usr/local/zend/apache2/htdocs/hrsys/protected/views/home/hiring.php (10)
in /usr/local/zend/apache2/htdocs/hrsys/protected/controllers/HomeController.php (12)
in /usr/local/zend/apache2/htdocs/hrsys/index.php (13)
2012/05/20 13:53:29 [error] [php] Undefined variable: files (/usr/local/zend/apache2/htdocs/hrsys/protected/models/Account.php:63)
Stack trace:
#0 /usr/local/zend/apache2/htdocs/hrsys/framework/base/CModel.php(158): CInlineValidator->validate()
#1 /usr/local/zend/apache2/htdocs/hrsys/protected/controllers/HomeController.php(26): Account->validate()
#2 /usr/local/zend/apache2/htdocs/hrsys/framework/web/actions/CInlineAction.php(50): HomeController->actionHiring()
#3 /usr/local/zend/apache2/htdocs/hrsys/framework/web/CController.php(309): CInlineAction->runWithParams()
#4 /usr/local/zend/apache2/htdocs/hrsys/framework/web/CController.php(287): HomeController->runAction()
#5 /usr/local/zend/apache2/htdocs/hrsys/framework/web/CController.php(266): HomeController->runActionWithFilters()
#6 /usr/local/zend/apache2/htdocs/hrsys/framework/web/CWebApplication.php(276): HomeController->run()
#7 /usr/local/zend/apache2/htdocs/hrsys/framework/web/CWebApplication.php(135): CWebApplication->runController()
#8 /usr/local/zend/apache2/htdocs/hrsys/framework/base/CApplication.php(162): CWebApplication->processRequest()
#9 /usr/local/zend/apache2/htdocs/hrsys/index.php(13): CWebApplication->run()
REQUEST_URI=/index.php/home/hiring
in /usr/local/zend/apache2/htdocs/hrsys/protected/models/Account.php (63)
in /usr/local/zend/apache2/htdocs/hrsys/protected/controllers/HomeController.php (26)
in /usr/local/zend/apache2/htdocs/hrsys/index.php (13)
2012/05/20 13:54:02 [error] [php] Invalid argument supplied for foreach() (/usr/local/zend/apache2/htdocs/hrsys/protected/models/Account.php:63)
Stack trace:
#0 /usr/local/zend/apache2/htdocs/hrsys/framework/base/CModel.php(158): CInlineValidator->validate()
#1 /usr/local/zend/apache2/htdocs/hrsys/protected/controllers/HomeController.php(26): Account->validate()
#2 /usr/local/zend/apache2/htdocs/hrsys/framework/web/actions/CInlineAction.php(50): HomeController->actionHiring()
#3 /usr/local/zend/apache2/htdocs/hrsys/framework/web/CController.php(309): CInlineAction->runWithParams()
#4 /usr/local/zend/apache2/htdocs/hrsys/framework/web/CController.php(287): HomeController->runAction()
#5 /usr/local/zend/apache2/htdocs/hrsys/framework/web/CController.php(266): HomeController->runActionWithFilters()
#6 /usr/local/zend/apache2/htdocs/hrsys/framework/web/CWebApplication.php(276): HomeController->run()
#7 /usr/local/zend/apache2/htdocs/hrsys/framework/web/CWebApplication.php(135): CWebApplication->runController()
#8 /usr/local/zend/apache2/htdocs/hrsys/framework/base/CApplication.php(162): CWebApplication->processRequest()
#9 /usr/local/zend/apache2/htdocs/hrsys/index.php(13): CWebApplication->run()
REQUEST_URI=/index.php/home/hiring
in /usr/local/zend/apache2/htdocs/hrsys/protected/models/Account.php (63)
in /usr/local/zend/apache2/htdocs/hrsys/protected/controllers/HomeController.php (26)
in /usr/local/zend/apache2/htdocs/hrsys/index.php (13)
2012/05/23 20:00:33 [error] [exception.CException] exception 'CException' with message 'Property "CAttributeCollection.emailConfig" is not defined.' in /usr/local/zend/apache2/htdocs/hrsys/framework/base/CComponent.php:131
Stack trace:
#0 /usr/local/zend/apache2/htdocs/hrsys/framework/collections/CAttributeCollection.php(52): CComponent->__get('emailConfig')
#1 /usr/local/zend/apache2/htdocs/hrsys/protected/views/home/hiring.php(9): CAttributeCollection->__get('emailConfig')
#2 /usr/local/zend/apache2/htdocs/hrsys/framework/web/CBaseController.php(127): require('/usr/local/zend...')
#3 /usr/local/zend/apache2/htdocs/hrsys/framework/web/CBaseController.php(96): CBaseController->renderInternal('/usr/local/zend...', Array, true)
#4 /usr/local/zend/apache2/htdocs/hrsys/framework/web/CController.php(870): CBaseController->renderFile('/usr/local/zend...', Array, true)
#5 /usr/local/zend/apache2/htdocs/hrsys/framework/web/CController.php(783): CController->renderPartial('hiring', Array, true)
#6 /usr/local/zend/apache2/htdocs/hrsys/protected/controllers/HomeController.php(33): CController->render('hiring', Array)
#7 /usr/local/zend/apache2/htdocs/hrsys/framework/web/actions/CInlineAction.php(50): HomeController->actionHiring()
#8 /usr/local/zend/apache2/htdocs/hrsys/framework/web/CController.php(309): CInlineAction->runWithParams(Array)
#9 /usr/local/zend/apache2/htdocs/hrsys/framework/web/CController.php(287): CController->runAction(Object(CInlineAction))
#10 /usr/local/zend/apache2/htdocs/hrsys/framework/web/CController.php(266): CController->runActionWithFilters(Object(CInlineAction), Array)
#11 /usr/local/zend/apache2/htdocs/hrsys/framework/web/CWebApplication.php(276): CController->run('hiring')
#12 /usr/local/zend/apache2/htdocs/hrsys/framework/web/CWebApplication.php(135): CWebApplication->runController('home/hiring')
#13 /usr/local/zend/apache2/htdocs/hrsys/framework/base/CApplication.php(162): CWebApplication->processRequest()
#14 /usr/local/zend/apache2/htdocs/hrsys/index.php(13): CApplication->run()
#15 {main}
REQUEST_URI=/index.php/home/hiring
---
2012/05/31 20:30:11 [error] [php] include(Test.php) [<a href='function.include'>function.include</a>]: failed to open stream: No such file or directory (/usr/local/zend/apache2/htdocs/hrsys/framework/YiiBase.php:418)
Stack trace:
#0 /usr/local/zend/apache2/htdocs/hrsys/protected/controllers/HomeController.php(22): spl_autoload_call()
#1 /usr/local/zend/apache2/htdocs/hrsys/framework/web/actions/CInlineAction.php(50): HomeController->actionHiring()
#2 /usr/local/zend/apache2/htdocs/hrsys/framework/web/CController.php(309): CInlineAction->runWithParams()
#3 /usr/local/zend/apache2/htdocs/hrsys/framework/web/CController.php(287): HomeController->runAction()
#4 /usr/local/zend/apache2/htdocs/hrsys/framework/web/CController.php(266): HomeController->runActionWithFilters()
#5 /usr/local/zend/apache2/htdocs/hrsys/framework/web/CWebApplication.php(276): HomeController->run()
#6 /usr/local/zend/apache2/htdocs/hrsys/framework/web/CWebApplication.php(135): CWebApplication->runController()
#7 /usr/local/zend/apache2/htdocs/hrsys/framework/base/CApplication.php(162): CWebApplication->processRequest()
#8 /usr/local/zend/apache2/htdocs/hrsys/index.php(13): CWebApplication->run()
REQUEST_URI=/index.php/home/hiring
in /usr/local/zend/apache2/htdocs/hrsys/protected/controllers/HomeController.php (22)
in /usr/local/zend/apache2/htdocs/hrsys/index.php (13)
2012/05/31 20:30:54 [error] [exception.CException] exception 'CException' with message 'Property "Test.write" is not defined.' in /usr/local/zend/apache2/htdocs/hrsys/framework/base/CComponent.php:131
Stack trace:
#0 /usr/local/zend/apache2/htdocs/hrsys/protected/controllers/HomeController.php(24): CComponent->__get('write')
#1 /usr/local/zend/apache2/htdocs/hrsys/framework/web/actions/CInlineAction.php(50): HomeController->actionHiring()
#2 /usr/local/zend/apache2/htdocs/hrsys/framework/web/CController.php(309): CInlineAction->runWithParams(Array)
#3 /usr/local/zend/apache2/htdocs/hrsys/framework/web/CController.php(287): CController->runAction(Object(CInlineAction))
#4 /usr/local/zend/apache2/htdocs/hrsys/framework/web/CController.php(266): CController->runActionWithFilters(Object(CInlineAction), Array)
#5 /usr/local/zend/apache2/htdocs/hrsys/framework/web/CWebApplication.php(276): CController->run('hiring')
#6 /usr/local/zend/apache2/htdocs/hrsys/framework/web/CWebApplication.php(135): CWebApplication->runController('home/hiring')
#7 /usr/local/zend/apache2/htdocs/hrsys/framework/base/CApplication.php(162): CWebApplication->processRequest()
#8 /usr/local/zend/apache2/htdocs/hrsys/index.php(13): CApplication->run()
#9 {main}
REQUEST_URI=/index.php/home/hiring
---
2012/06/01 20:47:06 [error] [php] Undefined variable: test (/usr/local/zend/apache2/htdocs/hrsys/protected/views/home/hiring.php:83)
Stack trace:
#0 /usr/local/zend/apache2/htdocs/hrsys/framework/web/CController.php(870): HomeController->renderFile()
#1 /usr/local/zend/apache2/htdocs/hrsys/framework/web/CController.php(783): HomeController->renderPartial()
#2 /usr/local/zend/apache2/htdocs/hrsys/protected/controllers/HomeController.php(36): HomeController->render()
#3 /usr/local/zend/apache2/htdocs/hrsys/framework/web/actions/CInlineAction.php(50): HomeController->actionHiring()
#4 /usr/local/zend/apache2/htdocs/hrsys/framework/web/CController.php(309): CInlineAction->runWithParams()
#5 /usr/local/zend/apache2/htdocs/hrsys/framework/web/CController.php(287): HomeController->runAction()
#6 /usr/local/zend/apache2/htdocs/hrsys/framework/web/CController.php(266): HomeController->runActionWithFilters()
#7 /usr/local/zend/apache2/htdocs/hrsys/framework/web/CWebApplication.php(276): HomeController->run()
#8 /usr/local/zend/apache2/htdocs/hrsys/framework/web/CWebApplication.php(135): CWebApplication->runController()
#9 /usr/local/zend/apache2/htdocs/hrsys/framework/base/CApplication.php(162): CWebApplication->processRequest()
#10 /usr/local/zend/apache2/htdocs/hrsys/index.php(13): CWebApplication->run()
REQUEST_URI=/index.php/home/hiring
in /usr/local/zend/apache2/htdocs/hrsys/protected/views/home/hiring.php (83)
in /usr/local/zend/apache2/htdocs/hrsys/protected/controllers/HomeController.php (36)
in /usr/local/zend/apache2/htdocs/hrsys/index.php (13)
2012/06/01 20:47:23 [error] [php] Undefined variable: test (/usr/local/zend/apache2/htdocs/hrsys/protected/views/home/hiring.php:83)
Stack trace:
#0 /usr/local/zend/apache2/htdocs/hrsys/framework/web/CController.php(870): HomeController->renderFile()
#1 /usr/local/zend/apache2/htdocs/hrsys/framework/web/CController.php(783): HomeController->renderPartial()
#2 /usr/local/zend/apache2/htdocs/hrsys/protected/controllers/HomeController.php(36): HomeController->render()
#3 /usr/local/zend/apache2/htdocs/hrsys/framework/web/actions/CInlineAction.php(50): HomeController->actionHiring()
#4 /usr/local/zend/apache2/htdocs/hrsys/framework/web/CController.php(309): CInlineAction->runWithParams()
#5 /usr/local/zend/apache2/htdocs/hrsys/framework/web/CController.php(287): HomeController->runAction()
#6 /usr/local/zend/apache2/htdocs/hrsys/framework/web/CController.php(266): HomeController->runActionWithFilters()
#7 /usr/local/zend/apache2/htdocs/hrsys/framework/web/CWebApplication.php(276): HomeController->run()
#8 /usr/local/zend/apache2/htdocs/hrsys/framework/web/CWebApplication.php(135): CWebApplication->runController()
#9 /usr/local/zend/apache2/htdocs/hrsys/framework/base/CApplication.php(162): CWebApplication->processRequest()
#10 /usr/local/zend/apache2/htdocs/hrsys/index.php(13): CWebApplication->run()
REQUEST_URI=/index.php/home/hiring
2012/06/01 20:47:47 [error] [php] Undefined variable: test (/usr/local/zend/apache2/htdocs/hrsys/protected/views/home/hiring.php:83)
Stack trace:
#0 /usr/local/zend/apache2/htdocs/hrsys/framework/web/CController.php(870): HomeController->renderFile()
#1 /usr/local/zend/apache2/htdocs/hrsys/framework/web/CController.php(783): HomeController->renderPartial()
#2 /usr/local/zend/apache2/htdocs/hrsys/protected/controllers/HomeController.php(36): HomeController->render()
#3 /usr/local/zend/apache2/htdocs/hrsys/framework/web/actions/CInlineAction.php(50): HomeController->actionHiring()
#4 /usr/local/zend/apache2/htdocs/hrsys/framework/web/CController.php(309): CInlineAction->runWithParams()
#5 /usr/local/zend/apache2/htdocs/hrsys/framework/web/CController.php(287): HomeController->runAction()
#6 /usr/local/zend/apache2/htdocs/hrsys/framework/web/CController.php(266): HomeController->runActionWithFilters()
#7 /usr/local/zend/apache2/htdocs/hrsys/framework/web/CWebApplication.php(276): HomeController->run()
#8 /usr/local/zend/apache2/htdocs/hrsys/framework/web/CWebApplication.php(135): CWebApplication->runController()
#9 /usr/local/zend/apache2/htdocs/hrsys/framework/base/CApplication.php(162): CWebApplication->processRequest()
#10 /usr/local/zend/apache2/htdocs/hrsys/index.php(13): CWebApplication->run()
REQUEST_URI=/index.php/home/hiring
in /usr/local/zend/apache2/htdocs/hrsys/protected/views/home/hiring.php (83)
in /usr/local/zend/apache2/htdocs/hrsys/protected/controllers/HomeController.php (36)
in /usr/local/zend/apache2/htdocs/hrsys/index.php (13)
